<?xml version="1.0" encoding="UTF-8"?>
<coverage generated="1448546379">
  <project timestamp="1448546379">
    <file name="/Users/user/snippets/checkpoints/9jamoji/vendor/danielstjules/stringy/src/Create.php">
      <line num="17" type="stmt" count="0"/>
      <metrics loc="19" ncloc="10" classes="0" methods="0" coveredmethods="0" conditionals="0" coveredconditionals="0" statements="1" coveredstatements="0" elements="1" coveredelements="0"/>
    </file>
    <file name="/Users/user/snippets/checkpoints/9jamoji/vendor/illuminate/support/helpers.php">
      <line num="18" type="stmt" count="0"/>
      <line num="20" type="stmt" count="0"/>
      <line num="21" type="stmt" count="0"/>
      <line num="22" type="stmt" count="0"/>
      <line num="24" type="stmt" count="0"/>
      <line num="25" type="stmt" count="0"/>
      <line num="26" type="stmt" count="0"/>
      <line num="28" type="stmt" count="0"/>
      <line num="43" type="stmt" count="0"/>
      <line num="57" type="stmt" count="0"/>
      <line num="70" type="stmt" count="0"/>
      <line num="83" type="stmt" count="0"/>
      <line num="97" type="stmt" count="0"/>
      <line num="111" type="stmt" count="0"/>
      <line num="142" type="stmt" count="0"/>
      <line num="155" type="stmt" count="0"/>
      <line num="169" type="stmt" count="0"/>
      <line num="184" type="stmt" count="0"/>
      <line num="198" type="stmt" count="0"/>
      <line num="213" type="stmt" count="0"/>
      <line num="227" type="stmt" count="0"/>
      <line num="242" type="stmt" count="0"/>
      <line num="257" type="stmt" count="0"/>
      <line num="274" type="stmt" count="0"/>
      <line num="288" type="stmt" count="0"/>
      <line num="301" type="stmt" count="0"/>
      <line num="315" type="stmt" count="0"/>
      <line num="328" type="stmt" count="0"/>
      <line num="341" type="stmt" count="0"/>
      <line num="343" type="stmt" count="0"/>
      <line num="356" type="stmt" count="0"/>
      <line num="358" type="stmt" count="0"/>
      <line num="359" type="stmt" count="0"/>
      <line num="360" type="stmt" count="0"/>
      <line num="362" type="stmt" count="0"/>
      <line num="375" type="stmt" count="0"/>
      <line num="390" type="stmt" count="0"/>
      <line num="391" type="stmt" count="0"/>
      <line num="394" type="stmt" count="0"/>
      <line num="396" type="stmt" count="0"/>
      <line num="397" type="stmt" count="0"/>
      <line num="398" type="stmt" count="0"/>
      <line num="399" type="stmt" count="0"/>
      <line num="402" type="stmt" count="0"/>
      <line num="403" type="stmt" count="0"/>
      <line num="404" type="stmt" count="0"/>
      <line num="405" type="stmt" count="0"/>
      <line num="408" type="stmt" count="0"/>
      <line num="409" type="stmt" count="0"/>
      <line num="410" type="stmt" count="0"/>
      <line num="411" type="stmt" count="0"/>
      <line num="414" type="stmt" count="0"/>
      <line num="415" type="stmt" count="0"/>
      <line num="416" type="stmt" count="0"/>
      <line num="418" type="stmt" count="0"/>
      <line num="420" type="stmt" count="0"/>
      <line num="434" type="stmt" count="0"/>
      <line num="435" type="stmt" count="0"/>
      <line num="437" type="stmt" count="0"/>
      <line num="450" type="stmt" count="0"/>
      <line num="451" type="stmt" count="0"/>
      <line num="454" type="stmt" count="0"/>
      <line num="468" type="stmt" count="0"/>
      <line num="481" type="stmt" count="0"/>
      <line num="494" type="stmt" count="0"/>
      <line num="509" type="stmt" count="0"/>
      <line num="510" type="stmt" count="0"/>
      <line num="513" type="stmt" count="0"/>
      <line num="514" type="stmt" count="0"/>
      <line num="515" type="stmt" count="0"/>
      <line num="518" type="stmt" count="0"/>
      <line num="519" type="stmt" count="0"/>
      <line num="521" type="stmt" count="0"/>
      <line num="537" type="stmt" count="0"/>
      <line num="538" type="stmt" count="0"/>
      <line num="539" type="stmt" count="0"/>
      <line num="541" type="stmt" count="0"/>
      <line num="555" type="stmt" count="0"/>
      <line num="569" type="stmt" count="0"/>
      <line num="583" type="stmt" count="0"/>
      <line num="597" type="stmt" count="0"/>
      <line num="611" type="stmt" count="0"/>
      <line num="626" type="stmt" count="0"/>
      <line num="640" type="stmt" count="0"/>
      <line num="655" type="stmt" count="0"/>
      <line num="670" type="stmt" count="0"/>
      <line num="671" type="stmt" count="0"/>
      <line num="672" type="stmt" count="0"/>
      <line num="674" type="stmt" count="0"/>
      <line num="687" type="stmt" count="0"/>
      <line num="701" type="stmt" count="0"/>
      <line num="714" type="stmt" count="0"/>
      <line num="727" type="stmt" count="0"/>
      <line num="740" type="stmt" count="0"/>
      <line num="742" type="stmt" count="0"/>
      <line num="743" type="stmt" count="0"/>
      <line num="744" type="stmt" count="0"/>
      <line num="746" type="stmt" count="0"/>
      <line num="759" type="stmt" count="0"/>
      <line num="772" type="stmt" count="0"/>
      <metrics loc="774" ncloc="433" classes="0" methods="0" coveredmethods="0" conditionals="0" coveredconditionals="0" statements="100" coveredstatements="0" elements="100" coveredelements="0"/>
    </file>
    <package name="Slim">
      <file name="/Users/user/snippets/checkpoints/9jamoji/vendor/slim/slim/Slim/Environment.php">
        <class name="Environment" namespace="Slim" fullPackage="Slim" package="Slim">
          <metrics methods="8" coveredmethods="2" conditionals="0" coveredconditionals="0" statements="66" coveredstatements="26" elements="74" coveredelements="28"/>
        </class>
        <line num="73" type="method" name="getInstance" crap="4.12" count="10"/>
        <line num="75" type="stmt" count="10"/>
        <line num="76" type="stmt" count="0"/>
        <line num="77" type="stmt" count="0"/>
        <line num="79" type="stmt" count="10"/>
        <line num="88" type="method" name="mock" crap="1" count="10"/>
        <line num="91" type="stmt" count="10"/>
        <line num="92" type="stmt" count="10"/>
        <line num="93" type="stmt" count="10"/>
        <line num="94" type="stmt" count="10"/>
        <line num="95" type="stmt" count="10"/>
        <line num="96" type="stmt" count="10"/>
        <line num="97" type="stmt" count="10"/>
        <line num="98" type="stmt" count="10"/>
        <line num="99" type="stmt" count="10"/>
        <line num="100" type="stmt" count="10"/>
        <line num="101" type="stmt" count="10"/>
        <line num="102" type="stmt" count="10"/>
        <line num="103" type="stmt" count="10"/>
        <line num="104" type="stmt" count="10"/>
        <line num="105" type="stmt" count="10"/>
        <line num="106" type="stmt" count="10"/>
        <line num="108" type="stmt" count="10"/>
        <line num="116" type="method" name="__construct" crap="80.23" count="10"/>
        <line num="118" type="stmt" count="10"/>
        <line num="119" type="stmt" count="10"/>
        <line num="120" type="stmt" count="10"/>
        <line num="121" type="stmt" count="0"/>
        <line num="124" type="stmt" count="0"/>
        <line num="127" type="stmt" count="0"/>
        <line num="130" type="stmt" count="0"/>
        <line num="131" type="stmt" count="0"/>
        <line num="132" type="stmt" count="0"/>
        <line num="135" type="stmt" count="0"/>
        <line num="136" type="stmt" count="0"/>
        <line num="137" type="stmt" count="0"/>
        <line num="138" type="stmt" count="0"/>
        <line num="140" type="stmt" count="0"/>
        <line num="143" type="stmt" count="0"/>
        <line num="144" type="stmt" count="0"/>
        <line num="145" type="stmt" count="0"/>
        <line num="146" type="stmt" count="0"/>
        <line num="147" type="stmt" count="0"/>
        <line num="148" type="stmt" count="0"/>
        <line num="151" type="stmt" count="0"/>
        <line num="154" type="stmt" count="0"/>
        <line num="158" type="stmt" count="0"/>
        <line num="161" type="stmt" count="0"/>
        <line num="162" type="stmt" count="0"/>
        <line num="163" type="stmt" count="0"/>
        <line num="164" type="stmt" count="0"/>
        <line num="167" type="stmt" count="0"/>
        <line num="170" type="stmt" count="0"/>
        <line num="171" type="stmt" count="0"/>
        <line num="172" type="stmt" count="0"/>
        <line num="173" type="stmt" count="0"/>
        <line num="174" type="stmt" count="0"/>
        <line num="177" type="stmt" count="0"/>
        <line num="179" type="stmt" count="0"/>
        <line num="181" type="stmt" count="10"/>
        <line num="186" type="method" name="offsetExists" crap="2" count="0"/>
        <line num="188" type="stmt" count="0"/>
        <line num="194" type="method" name="offsetGet" crap="2.15" count="10"/>
        <line num="196" type="stmt" count="10"/>
        <line num="197" type="stmt" count="0"/>
        <line num="200" type="stmt" count="10"/>
        <line num="206" type="method" name="offsetSet" crap="2" count="0"/>
        <line num="208" type="stmt" count="0"/>
        <line num="209" type="stmt" count="0"/>
        <line num="214" type="method" name="offsetUnset" crap="2" count="0"/>
        <line num="216" type="stmt" count="0"/>
        <line num="217" type="stmt" count="0"/>
        <line num="224" type="method" name="getIterator" crap="1" count="10"/>
        <line num="226" type="stmt" count="10"/>
        <metrics loc="228" ncloc="93" classes="1" methods="8" coveredmethods="2" conditionals="0" coveredconditionals="0" statements="66" coveredstatements="26" elements="74" coveredelements="28"/>
      </file>
      <file name="/Users/user/snippets/checkpoints/9jamoji/vendor/slim/slim/Slim/Log.php">
        <class name="Log" namespace="Slim" fullPackage="Slim" package="Slim">
          <metrics methods="21" coveredmethods="0" conditionals="0" coveredconditionals="0" statements="51" coveredstatements="0" elements="72" coveredelements="0"/>
        </class>
        <line num="106" type="method" name="__construct" crap="2" count="0"/>
        <line num="108" type="stmt" count="0"/>
        <line num="109" type="stmt" count="0"/>
        <line num="110" type="stmt" count="0"/>
        <line num="111" type="stmt" count="0"/>
        <line num="117" type="method" name="getEnabled" crap="2" count="0"/>
        <line num="119" type="stmt" count="0"/>
        <line num="126" type="method" name="setEnabled" crap="6" count="0"/>
        <line num="128" type="stmt" count="0"/>
        <line num="129" type="stmt" count="0"/>
        <line num="130" type="stmt" count="0"/>
        <line num="131" type="stmt" count="0"/>
        <line num="133" type="stmt" count="0"/>
        <line num="140" type="method" name="setLevel" crap="6" count="0"/>
        <line num="142" type="stmt" count="0"/>
        <line num="143" type="stmt" count="0"/>
        <line num="145" type="stmt" count="0"/>
        <line num="146" type="stmt" count="0"/>
        <line num="152" type="method" name="getLevel" crap="2" count="0"/>
        <line num="154" type="stmt" count="0"/>
        <line num="161" type="method" name="setWriter" crap="2" count="0"/>
        <line num="163" type="stmt" count="0"/>
        <line num="164" type="stmt" count="0"/>
        <line num="170" type="method" name="getWriter" crap="2" count="0"/>
        <line num="172" type="stmt" count="0"/>
        <line num="179" type="method" name="isEnabled" crap="2" count="0"/>
        <line num="181" type="stmt" count="0"/>
        <line num="190" type="method" name="debug" crap="2" count="0"/>
        <line num="192" type="stmt" count="0"/>
        <line num="201" type="method" name="info" crap="2" count="0"/>
        <line num="203" type="stmt" count="0"/>
        <line num="212" type="method" name="notice" crap="2" count="0"/>
        <line num="214" type="stmt" count="0"/>
        <line num="223" type="method" name="warning" crap="2" count="0"/>
        <line num="225" type="stmt" count="0"/>
        <line num="235" type="method" name="warn" crap="2" count="0"/>
        <line num="237" type="stmt" count="0"/>
        <line num="246" type="method" name="error" crap="2" count="0"/>
        <line num="248" type="stmt" count="0"/>
        <line num="257" type="method" name="critical" crap="2" count="0"/>
        <line num="259" type="stmt" count="0"/>
        <line num="269" type="method" name="fatal" crap="2" count="0"/>
        <line num="271" type="stmt" count="0"/>
        <line num="280" type="method" name="alert" crap="2" count="0"/>
        <line num="282" type="stmt" count="0"/>
        <line num="291" type="method" name="emergency" crap="2" count="0"/>
        <line num="293" type="stmt" count="0"/>
        <line num="304" type="method" name="log" crap="132" count="0"/>
        <line num="306" type="stmt" count="0"/>
        <line num="307" type="stmt" count="0"/>
        <line num="308" type="stmt" count="0"/>
        <line num="309" type="stmt" count="0"/>
        <line num="310" type="stmt" count="0"/>
        <line num="311" type="stmt" count="0"/>
        <line num="312" type="stmt" count="0"/>
        <line num="315" type="stmt" count="0"/>
        <line num="316" type="stmt" count="0"/>
        <line num="317" type="stmt" count="0"/>
        <line num="318" type="stmt" count="0"/>
        <line num="319" type="stmt" count="0"/>
        <line num="320" type="stmt" count="0"/>
        <line num="321" type="stmt" count="0"/>
        <line num="322" type="stmt" count="0"/>
        <line num="324" type="stmt" count="0"/>
        <line num="335" type="method" name="write" crap="2" count="0"/>
        <line num="337" type="stmt" count="0"/>
        <line num="346" type="method" name="interpolate" crap="6" count="0"/>
        <line num="348" type="stmt" count="0"/>
        <line num="349" type="stmt" count="0"/>
        <line num="350" type="stmt" count="0"/>
        <line num="351" type="stmt" count="0"/>
        <line num="352" type="stmt" count="0"/>
        <metrics loc="354" ncloc="167" classes="1" methods="21" coveredmethods="0" conditionals="0" coveredconditionals="0" statements="51" coveredstatements="0" elements="72" coveredelements="0"/>
      </file>
      <file name="/Users/user/snippets/checkpoints/9jamoji/vendor/slim/slim/Slim/Middleware.php">
        <class name="Middleware" namespace="Slim" fullPackage="Slim" package="Slim">
          <metrics methods="4" coveredmethods="2" conditionals="0" coveredconditionals="0" statements="6" coveredstatements="4" elements="10" coveredelements="6"/>
        </class>
        <line num="62" type="method" name="setApplication" crap="1" count="10"/>
        <line num="64" type="stmt" count="10"/>
        <line num="65" type="stmt" count="10"/>
        <line num="75" type="method" name="getApplication" crap="2" count="0"/>
        <line num="77" type="stmt" count="0"/>
        <line num="89" type="method" name="setNextMiddleware" crap="1" count="10"/>
        <line num="91" type="stmt" count="10"/>
        <line num="92" type="stmt" count="10"/>
        <line num="102" type="method" name="getNextMiddleware" crap="2" count="0"/>
        <line num="104" type="stmt" count="0"/>
        <metrics loc="114" ncloc="31" classes="1" methods="4" coveredmethods="2" conditionals="0" coveredconditionals="0" statements="6" coveredstatements="4" elements="10" coveredelements="6"/>
      </file>
      <file name="/Users/user/snippets/checkpoints/9jamoji/vendor/slim/slim/Slim/Slim.php">
        <class name="Slim" namespace="Slim" fullPackage="Slim" package="Slim">
          <metrics methods="68" coveredmethods="6" conditionals="0" coveredconditionals="0" statements="383" coveredstatements="42" elements="451" coveredelements="48"/>
        </class>
        <line num="36" type="stmt" count="1"/>
        <line num="37" type="stmt" count="0"/>
        <line num="38" type="stmt" count="0"/>
        <line num="39" type="stmt" count="0"/>
        <line num="110" type="method" name="autoload" crap="20" count="0"/>
        <line num="112" type="stmt" count="0"/>
        <line num="114" type="stmt" count="0"/>
        <line num="116" type="stmt" count="0"/>
        <line num="117" type="stmt" count="0"/>
        <line num="118" type="stmt" count="0"/>
        <line num="120" type="stmt" count="0"/>
        <line num="121" type="stmt" count="0"/>
        <line num="122" type="stmt" count="0"/>
        <line num="123" type="stmt" count="0"/>
        <line num="124" type="stmt" count="0"/>
        <line num="125" type="stmt" count="0"/>
        <line num="126" type="stmt" count="0"/>
        <line num="127" type="stmt" count="0"/>
        <line num="128" type="stmt" count="0"/>
        <line num="130" type="stmt" count="0"/>
        <line num="131" type="stmt" count="0"/>
        <line num="132" type="stmt" count="0"/>
        <line num="133" type="stmt" count="0"/>
        <line num="138" type="method" name="registerAutoloader" crap="2" count="0"/>
        <line num="140" type="stmt" count="0"/>
        <line num="141" type="stmt" count="0"/>
        <line num="151" type="method" name="__construct" crap="11.62" count="10"/>
        <line num="154" type="stmt" count="10"/>
        <line num="155" type="stmt" count="10"/>
        <line num="159" type="stmt" count="10"/>
        <line num="160" type="stmt" count="10"/>
        <line num="164" type="stmt" count="10"/>
        <line num="165" type="stmt" count="10"/>
        <line num="169" type="stmt" count="10"/>
        <line num="170" type="stmt" count="10"/>
        <line num="174" type="stmt" count="0"/>
        <line num="175" type="stmt" count="10"/>
        <line num="179" type="stmt" count="0"/>
        <line num="180" type="stmt" count="0"/>
        <line num="182" type="stmt" count="0"/>
        <line num="183" type="stmt" count="0"/>
        <line num="184" type="stmt" count="0"/>
        <line num="185" type="stmt" count="10"/>
        <line num="189" type="stmt" count="0"/>
        <line num="191" type="stmt" count="0"/>
        <line num="192" type="stmt" count="10"/>
        <line num="196" type="stmt" count="0"/>
        <line num="197" type="stmt" count="0"/>
        <line num="198" type="stmt" count="0"/>
        <line num="199" type="stmt" count="0"/>
        <line num="200" type="stmt" count="0"/>
        <line num="202" type="stmt" count="0"/>
        <line num="203" type="stmt" count="10"/>
        <line num="206" type="method" name="anonymous function" crap="12" count="0"/>
        <line num="207" type="stmt" count="0"/>
        <line num="209" type="stmt" count="0"/>
        <line num="210" type="stmt" count="0"/>
        <line num="211" type="stmt" count="0"/>
        <line num="212" type="stmt" count="0"/>
        <line num="213" type="stmt" count="0"/>
        <line num="214" type="stmt" count="0"/>
        <line num="215" type="stmt" count="0"/>
        <line num="218" type="stmt" count="0"/>
        <line num="222" type="stmt" count="10"/>
        <line num="223" type="stmt" count="10"/>
        <line num="224" type="stmt" count="10"/>
        <line num="227" type="stmt" count="10"/>
        <line num="228" type="stmt" count="1"/>
        <line num="229" type="stmt" count="1"/>
        <line num="230" type="stmt" count="10"/>
        <line num="232" type="method" name="__get" crap="1" count="10"/>
        <line num="234" type="stmt" count="10"/>
        <line num="237" type="method" name="__set" crap="2" count="0"/>
        <line num="239" type="stmt" count="0"/>
        <line num="240" type="stmt" count="0"/>
        <line num="242" type="method" name="__isset" crap="2" count="0"/>
        <line num="244" type="stmt" count="0"/>
        <line num="247" type="method" name="__unset" crap="2" count="0"/>
        <line num="249" type="stmt" count="0"/>
        <line num="250" type="stmt" count="0"/>
        <line num="257" type="method" name="getInstance" crap="2" count="10"/>
        <line num="259" type="stmt" count="10"/>
        <line num="266" type="method" name="setName" crap="1" count="1"/>
        <line num="268" type="stmt" count="1"/>
        <line num="269" type="stmt" count="1"/>
        <line num="270" type="stmt" count="1"/>
        <line num="276" type="method" name="getName" crap="2" count="0"/>
        <line num="278" type="stmt" count="0"/>
        <line num="285" type="method" name="getDefaultSettings" crap="1" count="10"/>
        <line num="289" type="stmt" count="10"/>
        <line num="291" type="stmt" count="10"/>
        <line num="293" type="stmt" count="10"/>
        <line num="294" type="stmt" count="10"/>
        <line num="295" type="stmt" count="10"/>
        <line num="297" type="stmt" count="10"/>
        <line num="298" type="stmt" count="10"/>
        <line num="300" type="stmt" count="10"/>
        <line num="301" type="stmt" count="10"/>
        <line num="302" type="stmt" count="10"/>
        <line num="303" type="stmt" count="10"/>
        <line num="304" type="stmt" count="10"/>
        <line num="305" type="stmt" count="10"/>
        <line num="307" type="stmt" count="10"/>
        <line num="308" type="stmt" count="10"/>
        <line num="309" type="stmt" count="10"/>
        <line num="311" type="stmt" count="10"/>
        <line num="314" type="stmt" count="10"/>
        <line num="336" type="method" name="config" crap="30" count="0"/>
        <line num="338" type="stmt" count="0"/>
        <line num="340" type="stmt" count="0"/>
        <line num="341" type="stmt" count="0"/>
        <line num="342" type="stmt" count="0"/>
        <line num="343" type="stmt" count="0"/>
        <line num="344" type="stmt" count="0"/>
        <line num="346" type="stmt" count="0"/>
        <line num="347" type="stmt" count="0"/>
        <line num="349" type="stmt" count="0"/>
        <line num="350" type="stmt" count="0"/>
        <line num="351" type="stmt" count="0"/>
        <line num="353" type="stmt" count="0"/>
        <line num="368" type="method" name="getMode" crap="2" count="0"/>
        <line num="370" type="stmt" count="0"/>
        <line num="385" type="method" name="configureMode" crap="12" count="0"/>
        <line num="387" type="stmt" count="0"/>
        <line num="388" type="stmt" count="0"/>
        <line num="389" type="stmt" count="0"/>
        <line num="390" type="stmt" count="0"/>
        <line num="400" type="method" name="getLog" crap="2" count="0"/>
        <line num="402" type="stmt" count="0"/>
        <line num="439" type="method" name="mapRoute" crap="6" count="0"/>
        <line num="441" type="stmt" count="0"/>
        <line num="442" type="stmt" count="0"/>
        <line num="443" type="stmt" count="0"/>
        <line num="444" type="stmt" count="0"/>
        <line num="445" type="stmt" count="0"/>
        <line num="446" type="stmt" count="0"/>
        <line num="447" type="stmt" count="0"/>
        <line num="449" type="stmt" count="0"/>
        <line num="457" type="method" name="map" crap="2" count="0"/>
        <line num="459" type="stmt" count="0"/>
        <line num="461" type="stmt" count="0"/>
        <line num="469" type="method" name="get" crap="2" count="0"/>
        <line num="471" type="stmt" count="0"/>
        <line num="473" type="stmt" count="0"/>
        <line num="481" type="method" name="post" crap="2" count="0"/>
        <line num="483" type="stmt" count="0"/>
        <line num="485" type="stmt" count="0"/>
        <line num="493" type="method" name="put" crap="2" count="0"/>
        <line num="495" type="stmt" count="0"/>
        <line num="497" type="stmt" count="0"/>
        <line num="505" type="method" name="patch" crap="2" count="0"/>
        <line num="507" type="stmt" count="0"/>
        <line num="509" type="stmt" count="0"/>
        <line num="517" type="method" name="delete" crap="2" count="0"/>
        <line num="519" type="stmt" count="0"/>
        <line num="521" type="stmt" count="0"/>
        <line num="529" type="method" name="options" crap="2" count="0"/>
        <line num="531" type="stmt" count="0"/>
        <line num="533" type="stmt" count="0"/>
        <line num="546" type="method" name="group" crap="6" count="0"/>
        <line num="548" type="stmt" count="0"/>
        <line num="549" type="stmt" count="0"/>
        <line num="550" type="stmt" count="0"/>
        <line num="551" type="stmt" count="0"/>
        <line num="552" type="stmt" count="0"/>
        <line num="553" type="stmt" count="0"/>
        <line num="554" type="stmt" count="0"/>
        <line num="555" type="stmt" count="0"/>
        <line num="556" type="stmt" count="0"/>
        <line num="563" type="method" name="any" crap="2" count="0"/>
        <line num="565" type="stmt" count="0"/>
        <line num="567" type="stmt" count="0"/>
        <line num="591" type="method" name="notFound" crap="12" count="0"/>
        <line num="593" type="stmt" count="0"/>
        <line num="594" type="stmt" count="0"/>
        <line num="595" type="stmt" count="0"/>
        <line num="596" type="stmt" count="0"/>
        <line num="597" type="stmt" count="0"/>
        <line num="598" type="stmt" count="0"/>
        <line num="599" type="stmt" count="0"/>
        <line num="600" type="stmt" count="0"/>
        <line num="602" type="stmt" count="0"/>
        <line num="604" type="stmt" count="0"/>
        <line num="629" type="method" name="error" crap="6" count="0"/>
        <line num="631" type="stmt" count="0"/>
        <line num="633" type="stmt" count="0"/>
        <line num="634" type="stmt" count="0"/>
        <line num="636" type="stmt" count="0"/>
        <line num="637" type="stmt" count="0"/>
        <line num="638" type="stmt" count="0"/>
        <line num="639" type="stmt" count="0"/>
        <line num="641" type="stmt" count="0"/>
        <line num="652" type="method" name="callErrorHandler" crap="6" count="0"/>
        <line num="654" type="stmt" count="0"/>
        <line num="655" type="stmt" count="0"/>
        <line num="656" type="stmt" count="0"/>
        <line num="657" type="stmt" count="0"/>
        <line num="658" type="stmt" count="0"/>
        <line num="661" type="stmt" count="0"/>
        <line num="672" type="method" name="environment" crap="2" count="0"/>
        <line num="674" type="stmt" count="0"/>
        <line num="681" type="method" name="request" crap="1" count="10"/>
        <line num="683" type="stmt" count="10"/>
        <line num="690" type="method" name="response" crap="1" count="10"/>
        <line num="692" type="stmt" count="10"/>
        <line num="699" type="method" name="router" crap="2" count="0"/>
        <line num="701" type="stmt" count="0"/>
        <line num="719" type="method" name="view" crap="20" count="0"/>
        <line num="721" type="stmt" count="0"/>
        <line num="722" type="stmt" count="0"/>
        <line num="723" type="stmt" count="0"/>
        <line num="724" type="stmt" count="0"/>
        <line num="725" type="stmt" count="0"/>
        <line num="726" type="stmt" count="0"/>
        <line num="728" type="stmt" count="0"/>
        <line num="729" type="stmt" count="0"/>
        <line num="730" type="stmt" count="0"/>
        <line num="732" type="stmt" count="0"/>
        <line num="751" type="method" name="render" crap="6" count="0"/>
        <line num="753" type="stmt" count="0"/>
        <line num="754" type="stmt" count="0"/>
        <line num="755" type="stmt" count="0"/>
        <line num="756" type="stmt" count="0"/>
        <line num="757" type="stmt" count="0"/>
        <line num="758" type="stmt" count="0"/>
        <line num="777" type="method" name="lastModified" crap="12" count="0"/>
        <line num="779" type="stmt" count="0"/>
        <line num="780" type="stmt" count="0"/>
        <line num="781" type="stmt" count="0"/>
        <line num="782" type="stmt" count="0"/>
        <line num="783" type="stmt" count="0"/>
        <line num="784" type="stmt" count="0"/>
        <line num="785" type="stmt" count="0"/>
        <line num="787" type="stmt" count="0"/>
        <line num="805" type="method" name="etag" crap="42" count="0"/>
        <line num="808" type="stmt" count="0"/>
        <line num="809" type="stmt" count="0"/>
        <line num="813" type="stmt" count="0"/>
        <line num="814" type="stmt" count="0"/>
        <line num="815" type="stmt" count="0"/>
        <line num="816" type="stmt" count="0"/>
        <line num="817" type="stmt" count="0"/>
        <line num="820" type="stmt" count="0"/>
        <line num="821" type="stmt" count="0"/>
        <line num="822" type="stmt" count="0"/>
        <line num="823" type="stmt" count="0"/>
        <line num="824" type="stmt" count="0"/>
        <line num="825" type="stmt" count="0"/>
        <line num="826" type="stmt" count="0"/>
        <line num="841" type="method" name="expires" crap="6" count="0"/>
        <line num="843" type="stmt" count="0"/>
        <line num="844" type="stmt" count="0"/>
        <line num="845" type="stmt" count="0"/>
        <line num="846" type="stmt" count="0"/>
        <line num="847" type="stmt" count="0"/>
        <line num="867" type="method" name="setCookie" crap="42" count="0"/>
        <line num="870" type="stmt" count="0"/>
        <line num="871" type="stmt" count="0"/>
        <line num="872" type="stmt" count="0"/>
        <line num="873" type="stmt" count="0"/>
        <line num="874" type="stmt" count="0"/>
        <line num="875" type="stmt" count="0"/>
        <line num="876" type="stmt" count="0"/>
        <line num="877" type="stmt" count="0"/>
        <line num="878" type="stmt" count="0"/>
        <line num="891" type="method" name="getCookie" crap="30" count="0"/>
        <line num="894" type="stmt" count="0"/>
        <line num="897" type="stmt" count="0"/>
        <line num="898" type="stmt" count="0"/>
        <line num="899" type="stmt" count="0"/>
        <line num="900" type="stmt" count="0"/>
        <line num="901" type="stmt" count="0"/>
        <line num="902" type="stmt" count="0"/>
        <line num="903" type="stmt" count="0"/>
        <line num="904" type="stmt" count="0"/>
        <line num="905" type="stmt" count="0"/>
        <line num="906" type="stmt" count="0"/>
        <line num="907" type="stmt" count="0"/>
        <line num="914" type="stmt" count="0"/>
        <line num="933" type="method" name="setEncryptedCookie" crap="2" count="0"/>
        <line num="935" type="stmt" count="0"/>
        <line num="936" type="stmt" count="0"/>
        <line num="951" type="method" name="getEncryptedCookie" crap="2" count="0"/>
        <line num="953" type="stmt" count="0"/>
        <line num="972" type="method" name="deleteCookie" crap="30" count="0"/>
        <line num="975" type="stmt" count="0"/>
        <line num="976" type="stmt" count="0"/>
        <line num="977" type="stmt" count="0"/>
        <line num="978" type="stmt" count="0"/>
        <line num="979" type="stmt" count="0"/>
        <line num="980" type="stmt" count="0"/>
        <line num="981" type="stmt" count="0"/>
        <line num="997" type="method" name="root" crap="2" count="0"/>
        <line num="999" type="stmt" count="0"/>
        <line num="1005" type="method" name="cleanBuffer" crap="6" count="0"/>
        <line num="1007" type="stmt" count="0"/>
        <line num="1008" type="stmt" count="0"/>
        <line num="1009" type="stmt" count="0"/>
        <line num="1010" type="stmt" count="0"/>
        <line num="1020" type="method" name="stop" crap="2" count="0"/>
        <line num="1022" type="stmt" count="0"/>
        <line num="1037" type="method" name="halt" crap="2" count="0"/>
        <line num="1039" type="stmt" count="0"/>
        <line num="1040" type="stmt" count="0"/>
        <line num="1041" type="stmt" count="0"/>
        <line num="1042" type="stmt" count="0"/>
        <line num="1043" type="stmt" count="0"/>
        <line num="1054" type="method" name="pass" crap="2" count="0"/>
        <line num="1056" type="stmt" count="0"/>
        <line num="1057" type="stmt" count="0"/>
        <line num="1064" type="method" name="contentType" crap="2" count="0"/>
        <line num="1066" type="stmt" count="0"/>
        <line num="1067" type="stmt" count="0"/>
        <line num="1073" type="method" name="status" crap="2" count="0"/>
        <line num="1075" type="stmt" count="0"/>
        <line num="1076" type="stmt" count="0"/>
        <line num="1085" type="method" name="urlFor" crap="2" count="0"/>
        <line num="1087" type="stmt" count="0"/>
        <line num="1102" type="method" name="redirect" crap="2" count="0"/>
        <line num="1104" type="stmt" count="0"/>
        <line num="1105" type="stmt" count="0"/>
        <line num="1106" type="stmt" count="0"/>
        <line num="1116" type="method" name="redirectTo" crap="2" count="0"/>
        <line num="1117" type="stmt" count="0"/>
        <line num="1118" type="stmt" count="0"/>
        <line num="1129" type="method" name="flash" crap="6" count="0"/>
        <line num="1131" type="stmt" count="0"/>
        <line num="1132" type="stmt" count="0"/>
        <line num="1133" type="stmt" count="0"/>
        <line num="1134" type="stmt" count="0"/>
        <line num="1141" type="method" name="flashNow" crap="6" count="0"/>
        <line num="1143" type="stmt" count="0"/>
        <line num="1144" type="stmt" count="0"/>
        <line num="1145" type="stmt" count="0"/>
        <line num="1146" type="stmt" count="0"/>
        <line num="1151" type="method" name="flashKeep" crap="6" count="0"/>
        <line num="1153" type="stmt" count="0"/>
        <line num="1154" type="stmt" count="0"/>
        <line num="1155" type="stmt" count="0"/>
        <line num="1156" type="stmt" count="0"/>
        <line num="1161" type="method" name="flashData" crap="6" count="0"/>
        <line num="1163" type="stmt" count="0"/>
        <line num="1164" type="stmt" count="0"/>
        <line num="1166" type="stmt" count="0"/>
        <line num="1178" type="method" name="hook" crap="12" count="0"/>
        <line num="1180" type="stmt" count="0"/>
        <line num="1181" type="stmt" count="0"/>
        <line num="1182" type="stmt" count="0"/>
        <line num="1183" type="stmt" count="0"/>
        <line num="1184" type="stmt" count="0"/>
        <line num="1185" type="stmt" count="0"/>
        <line num="1186" type="stmt" count="0"/>
        <line num="1193" type="method" name="applyHook" crap="56" count="0"/>
        <line num="1195" type="stmt" count="0"/>
        <line num="1196" type="stmt" count="0"/>
        <line num="1197" type="stmt" count="0"/>
        <line num="1198" type="stmt" count="0"/>
        <line num="1200" type="stmt" count="0"/>
        <line num="1201" type="stmt" count="0"/>
        <line num="1202" type="stmt" count="0"/>
        <line num="1204" type="stmt" count="0"/>
        <line num="1205" type="stmt" count="0"/>
        <line num="1207" type="stmt" count="0"/>
        <line num="1208" type="stmt" count="0"/>
        <line num="1209" type="stmt" count="0"/>
        <line num="1210" type="stmt" count="0"/>
        <line num="1211" type="stmt" count="0"/>
        <line num="1212" type="stmt" count="0"/>
        <line num="1213" type="stmt" count="0"/>
        <line num="1214" type="stmt" count="0"/>
        <line num="1215" type="stmt" count="0"/>
        <line num="1228" type="method" name="getHooks" crap="12" count="0"/>
        <line num="1230" type="stmt" count="0"/>
        <line num="1231" type="stmt" count="0"/>
        <line num="1233" type="stmt" count="0"/>
        <line num="1246" type="method" name="clearHooks" crap="20" count="0"/>
        <line num="1248" type="stmt" count="0"/>
        <line num="1249" type="stmt" count="0"/>
        <line num="1250" type="stmt" count="0"/>
        <line num="1251" type="stmt" count="0"/>
        <line num="1252" type="stmt" count="0"/>
        <line num="1253" type="stmt" count="0"/>
        <line num="1255" type="stmt" count="0"/>
        <line num="1269" type="method" name="add" crap="2.09" count="10"/>
        <line num="1271" type="stmt" count="10"/>
        <line num="1272" type="stmt" count="0"/>
        <line num="1273" type="stmt" count="0"/>
        <line num="1275" type="stmt" count="10"/>
        <line num="1276" type="stmt" count="10"/>
        <line num="1277" type="stmt" count="10"/>
        <line num="1278" type="stmt" count="10"/>
        <line num="1291" type="method" name="run" crap="56" count="0"/>
        <line num="1293" type="stmt" count="0"/>
        <line num="1296" type="stmt" count="0"/>
        <line num="1298" type="stmt" count="0"/>
        <line num="1299" type="stmt" count="0"/>
        <line num="1302" type="stmt" count="0"/>
        <line num="1305" type="stmt" count="0"/>
        <line num="1308" type="stmt" count="0"/>
        <line num="1311" type="stmt" count="0"/>
        <line num="1313" type="stmt" count="0"/>
        <line num="1314" type="stmt" count="0"/>
        <line num="1315" type="stmt" count="0"/>
        <line num="1316" type="stmt" count="0"/>
        <line num="1320" type="stmt" count="0"/>
        <line num="1321" type="stmt" count="0"/>
        <line num="1322" type="stmt" count="0"/>
        <line num="1323" type="stmt" count="0"/>
        <line num="1324" type="stmt" count="0"/>
        <line num="1325" type="stmt" count="0"/>
        <line num="1326" type="stmt" count="0"/>
        <line num="1329" type="stmt" count="0"/>
        <line num="1330" type="stmt" count="0"/>
        <line num="1331" type="stmt" count="0"/>
        <line num="1333" type="stmt" count="0"/>
        <line num="1335" type="stmt" count="0"/>
        <line num="1336" type="stmt" count="0"/>
        <line num="1343" type="method" name="call" crap="110" count="0"/>
        <line num="1346" type="stmt" count="0"/>
        <line num="1347" type="stmt" count="0"/>
        <line num="1348" type="stmt" count="0"/>
        <line num="1349" type="stmt" count="0"/>
        <line num="1350" type="stmt" count="0"/>
        <line num="1351" type="stmt" count="0"/>
        <line num="1352" type="stmt" count="0"/>
        <line num="1353" type="stmt" count="0"/>
        <line num="1354" type="stmt" count="0"/>
        <line num="1356" type="stmt" count="0"/>
        <line num="1357" type="stmt" count="0"/>
        <line num="1358" type="stmt" count="0"/>
        <line num="1359" type="stmt" count="0"/>
        <line num="1360" type="stmt" count="0"/>
        <line num="1362" type="stmt" count="0"/>
        <line num="1363" type="stmt" count="0"/>
        <line num="1365" type="stmt" count="0"/>
        <line num="1366" type="stmt" count="0"/>
        <line num="1367" type="stmt" count="0"/>
        <line num="1368" type="stmt" count="0"/>
        <line num="1369" type="stmt" count="0"/>
        <line num="1370" type="stmt" count="0"/>
        <line num="1371" type="stmt" count="0"/>
        <line num="1372" type="stmt" count="0"/>
        <line num="1373" type="stmt" count="0"/>
        <line num="1374" type="stmt" count="0"/>
        <line num="1375" type="stmt" count="0"/>
        <line num="1378" type="stmt" count="0"/>
        <line num="1379" type="stmt" count="0"/>
        <line num="1380" type="stmt" count="0"/>
        <line num="1385" type="stmt" count="0"/>
        <line num="1405" type="method" name="handleErrors" crap="6" count="0"/>
        <line num="1407" type="stmt" count="0"/>
        <line num="1408" type="stmt" count="0"/>
        <line num="1411" type="stmt" count="0"/>
        <line num="1423" type="method" name="generateTemplateMarkup" crap="2" count="0"/>
        <line num="1425" type="stmt" count="0"/>
        <line num="1431" type="method" name="defaultNotFound" crap="2" count="0"/>
        <line num="1433" type="stmt" count="0"/>
        <line num="1434" type="stmt" count="0"/>
        <line num="1439" type="method" name="defaultError" crap="2" count="0"/>
        <line num="1441" type="stmt" count="0"/>
        <line num="1442" type="stmt" count="0"/>
        <line num="1443" type="stmt" count="0"/>
        <metrics loc="1444" ncloc="718" classes="1" methods="68" coveredmethods="6" conditionals="0" coveredconditionals="0" statements="394" coveredstatements="50" elements="462" coveredelements="56"/>
      </file>
    </package>
    <package name="Slim\Helper">
      <file name="/Users/user/snippets/checkpoints/9jamoji/vendor/slim/slim/Slim/Helper/Set.php">
        <class name="Set" namespace="Slim\Helper">
          <metrics methods="22" coveredmethods="8" conditionals="0" coveredconditionals="0" statements="43" coveredstatements="24" elements="65" coveredelements="32"/>
        </class>
        <line num="47" type="method" name="__construct" crap="1" count="10"/>
        <line num="49" type="stmt" count="10"/>
        <line num="50" type="stmt" count="10"/>
        <line num="62" type="method" name="normalizeKey" crap="1" count="10"/>
        <line num="64" type="stmt" count="10"/>
        <line num="72" type="method" name="set" crap="1" count="10"/>
        <line num="74" type="stmt" count="10"/>
        <line num="75" type="stmt" count="10"/>
        <line num="83" type="method" name="get" crap="4.25" count="10"/>
        <line num="85" type="stmt" count="10"/>
        <line num="86" type="stmt" count="10"/>
        <line num="88" type="stmt" count="10"/>
        <line num="91" type="stmt" count="0"/>
        <line num="98" type="method" name="replace" crap="2" count="10"/>
        <line num="100" type="stmt" count="10"/>
        <line num="101" type="stmt" count="10"/>
        <line num="102" type="stmt" count="10"/>
        <line num="103" type="stmt" count="10"/>
        <line num="109" type="method" name="all" crap="2" count="0"/>
        <line num="111" type="stmt" count="0"/>
        <line num="118" type="method" name="keys" crap="2" count="0"/>
        <line num="120" type="stmt" count="0"/>
        <line num="128" type="method" name="has" crap="1" count="10"/>
        <line num="130" type="stmt" count="10"/>
        <line num="137" type="method" name="remove" crap="2" count="0"/>
        <line num="139" type="stmt" count="0"/>
        <line num="140" type="stmt" count="0"/>
        <line num="146" type="method" name="__get" crap="2" count="0"/>
        <line num="148" type="stmt" count="0"/>
        <line num="151" type="method" name="__set" crap="2" count="0"/>
        <line num="153" type="stmt" count="0"/>
        <line num="154" type="stmt" count="0"/>
        <line num="156" type="method" name="__isset" crap="2" count="0"/>
        <line num="158" type="stmt" count="0"/>
        <line num="161" type="method" name="__unset" crap="1.12" count="10"/>
        <line num="163" type="stmt" count="0"/>
        <line num="164" type="stmt" count="10"/>
        <line num="169" type="method" name="clear" crap="2" count="0"/>
        <line num="171" type="stmt" count="0"/>
        <line num="172" type="stmt" count="0"/>
        <line num="178" type="method" name="offsetExists" crap="2" count="0"/>
        <line num="180" type="stmt" count="0"/>
        <line num="183" type="method" name="offsetGet" crap="1" count="10"/>
        <line num="185" type="stmt" count="10"/>
        <line num="188" type="method" name="offsetSet" crap="1" count="10"/>
        <line num="190" type="stmt" count="10"/>
        <line num="191" type="stmt" count="10"/>
        <line num="193" type="method" name="offsetUnset" crap="2" count="0"/>
        <line num="195" type="stmt" count="0"/>
        <line num="196" type="stmt" count="0"/>
        <line num="202" type="method" name="count" crap="2" count="0"/>
        <line num="204" type="stmt" count="0"/>
        <line num="211" type="method" name="getIterator" crap="2" count="0"/>
        <line num="213" type="stmt" count="0"/>
        <line num="222" type="method" name="singleton" crap="2" count="10"/>
        <line num="225" type="stmt" count="10"/>
        <line num="227" type="stmt" count="10"/>
        <line num="228" type="stmt" count="10"/>
        <line num="229" type="stmt" count="10"/>
        <line num="231" type="stmt" count="10"/>
        <line num="232" type="stmt" count="10"/>
        <line num="233" type="stmt" count="10"/>
        <line num="242" type="method" name="anonymous function" crap="2" count="0"/>
        <line num="243" type="stmt" count="0"/>
        <line num="244" type="stmt" count="0"/>
        <metrics loc="246" ncloc="137" classes="1" methods="22" coveredmethods="8" conditionals="0" coveredconditionals="0" statements="43" coveredstatements="24" elements="65" coveredelements="32"/>
      </file>
    </package>
    <package name="Slim\Http">
      <file name="/Users/user/snippets/checkpoints/9jamoji/vendor/slim/slim/Slim/Http/Cookies.php">
        <class name="Cookies" namespace="Slim\Http">
          <metrics methods="2" coveredmethods="0" conditionals="0" coveredconditionals="0" statements="10" coveredstatements="0" elements="12" coveredelements="0"/>
        </class>
        <line num="64" type="method" name="set" crap="6" count="0"/>
        <line num="66" type="stmt" count="0"/>
        <line num="67" type="stmt" count="0"/>
        <line num="68" type="stmt" count="0"/>
        <line num="69" type="stmt" count="0"/>
        <line num="71" type="stmt" count="0"/>
        <line num="72" type="stmt" count="0"/>
        <line num="85" type="method" name="remove" crap="2" count="0"/>
        <line num="87" type="stmt" count="0"/>
        <line num="88" type="stmt" count="0"/>
        <line num="89" type="stmt" count="0"/>
        <line num="90" type="stmt" count="0"/>
        <metrics loc="91" ncloc="31" classes="1" methods="2" coveredmethods="0" conditionals="0" coveredconditionals="0" statements="10" coveredstatements="0" elements="12" coveredelements="0"/>
      </file>
      <file name="/Users/user/snippets/checkpoints/9jamoji/vendor/slim/slim/Slim/Http/Headers.php">
        <class name="Headers" namespace="Slim\Http" fullPackage="Slim" package="Slim">
          <metrics methods="2" coveredmethods="1" conditionals="0" coveredconditionals="0" statements="16" coveredstatements="12" elements="18" coveredelements="13"/>
        </class>
        <line num="69" type="method" name="extract" crap="8.30" count="10"/>
        <line num="71" type="stmt" count="10"/>
        <line num="72" type="stmt" count="10"/>
        <line num="73" type="stmt" count="10"/>
        <line num="74" type="stmt" count="10"/>
        <line num="75" type="stmt" count="0"/>
        <line num="76" type="stmt" count="0"/>
        <line num="78" type="stmt" count="0"/>
        <line num="79" type="stmt" count="0"/>
        <line num="80" type="stmt" count="10"/>
        <line num="82" type="stmt" count="10"/>
        <line num="94" type="method" name="normalizeKey" crap="1" count="10"/>
        <line num="96" type="stmt" count="10"/>
        <line num="97" type="stmt" count="10"/>
        <line num="98" type="stmt" count="10"/>
        <line num="99" type="stmt" count="10"/>
        <line num="100" type="stmt" count="10"/>
        <line num="102" type="stmt" count="10"/>
        <metrics loc="104" ncloc="43" classes="1" methods="2" coveredmethods="1" conditionals="0" coveredconditionals="0" statements="16" coveredstatements="12" elements="18" coveredelements="13"/>
      </file>
      <file name="/Users/user/snippets/checkpoints/9jamoji/vendor/slim/slim/Slim/Http/Request.php">
        <class name="Request" namespace="Slim\Http" fullPackage="Slim" package="Slim">
          <metrics methods="40" coveredmethods="1" conditionals="0" coveredconditionals="0" statements="116" coveredstatements="4" elements="156" coveredelements="5"/>
        </class>
        <line num="83" type="method" name="__construct" crap="1" count="10"/>
        <line num="85" type="stmt" count="10"/>
        <line num="86" type="stmt" count="10"/>
        <line num="87" type="stmt" count="10"/>
        <line num="88" type="stmt" count="10"/>
        <line num="94" type="method" name="getMethod" crap="2" count="0"/>
        <line num="96" type="stmt" count="0"/>
        <line num="103" type="method" name="isGet" crap="2" count="0"/>
        <line num="105" type="stmt" count="0"/>
        <line num="112" type="method" name="isPost" crap="2" count="0"/>
        <line num="114" type="stmt" count="0"/>
        <line num="121" type="method" name="isPut" crap="2" count="0"/>
        <line num="123" type="stmt" count="0"/>
        <line num="130" type="method" name="isPatch" crap="2" count="0"/>
        <line num="132" type="stmt" count="0"/>
        <line num="139" type="method" name="isDelete" crap="2" count="0"/>
        <line num="141" type="stmt" count="0"/>
        <line num="148" type="method" name="isHead" crap="2" count="0"/>
        <line num="150" type="stmt" count="0"/>
        <line num="157" type="method" name="isOptions" crap="2" count="0"/>
        <line num="159" type="stmt" count="0"/>
        <line num="166" type="method" name="isAjax" crap="20" count="0"/>
        <line num="168" type="stmt" count="0"/>
        <line num="169" type="stmt" count="0"/>
        <line num="170" type="stmt" count="0"/>
        <line num="171" type="stmt" count="0"/>
        <line num="174" type="stmt" count="0"/>
        <line num="181" type="method" name="isXhr" crap="2" count="0"/>
        <line num="183" type="stmt" count="0"/>
        <line num="197" type="method" name="params" crap="12" count="0"/>
        <line num="199" type="stmt" count="0"/>
        <line num="200" type="stmt" count="0"/>
        <line num="201" type="stmt" count="0"/>
        <line num="204" type="stmt" count="0"/>
        <line num="217" type="method" name="get" crap="42" count="0"/>
        <line num="219" type="stmt" count="0"/>
        <line num="220" type="stmt" count="0"/>
        <line num="221" type="stmt" count="0"/>
        <line num="222" type="stmt" count="0"/>
        <line num="223" type="stmt" count="0"/>
        <line num="224" type="stmt" count="0"/>
        <line num="226" type="stmt" count="0"/>
        <line num="227" type="stmt" count="0"/>
        <line num="228" type="stmt" count="0"/>
        <line num="229" type="stmt" count="0"/>
        <line num="230" type="stmt" count="0"/>
        <line num="232" type="stmt" count="0"/>
        <line num="235" type="stmt" count="0"/>
        <line num="250" type="method" name="post" crap="90" count="0"/>
        <line num="252" type="stmt" count="0"/>
        <line num="253" type="stmt" count="0"/>
        <line num="255" type="stmt" count="0"/>
        <line num="256" type="stmt" count="0"/>
        <line num="257" type="stmt" count="0"/>
        <line num="258" type="stmt" count="0"/>
        <line num="259" type="stmt" count="0"/>
        <line num="260" type="stmt" count="0"/>
        <line num="261" type="stmt" count="0"/>
        <line num="262" type="stmt" count="0"/>
        <line num="264" type="stmt" count="0"/>
        <line num="265" type="stmt" count="0"/>
        <line num="266" type="stmt" count="0"/>
        <line num="268" type="stmt" count="0"/>
        <line num="269" type="stmt" count="0"/>
        <line num="270" type="stmt" count="0"/>
        <line num="271" type="stmt" count="0"/>
        <line num="273" type="stmt" count="0"/>
        <line num="276" type="stmt" count="0"/>
        <line num="286" type="method" name="put" crap="2" count="0"/>
        <line num="288" type="stmt" count="0"/>
        <line num="297" type="method" name="patch" crap="2" count="0"/>
        <line num="299" type="stmt" count="0"/>
        <line num="308" type="method" name="delete" crap="2" count="0"/>
        <line num="310" type="stmt" count="0"/>
        <line num="322" type="method" name="cookies" crap="6" count="0"/>
        <line num="324" type="stmt" count="0"/>
        <line num="325" type="stmt" count="0"/>
        <line num="328" type="stmt" count="0"/>
        <line num="348" type="method" name="isFormData" crap="20" count="0"/>
        <line num="350" type="stmt" count="0"/>
        <line num="352" type="stmt" count="0"/>
        <line num="365" type="method" name="headers" crap="6" count="0"/>
        <line num="367" type="stmt" count="0"/>
        <line num="368" type="stmt" count="0"/>
        <line num="371" type="stmt" count="0"/>
        <line num="397" type="method" name="getBody" crap="2" count="0"/>
        <line num="399" type="stmt" count="0"/>
        <line num="406" type="method" name="getContentType" crap="2" count="0"/>
        <line num="408" type="stmt" count="0"/>
        <line num="415" type="method" name="getMediaType" crap="6" count="0"/>
        <line num="417" type="stmt" count="0"/>
        <line num="418" type="stmt" count="0"/>
        <line num="419" type="stmt" count="0"/>
        <line num="421" type="stmt" count="0"/>
        <line num="424" type="stmt" count="0"/>
        <line num="431" type="method" name="getMediaTypeParams" crap="12" count="0"/>
        <line num="433" type="stmt" count="0"/>
        <line num="434" type="stmt" count="0"/>
        <line num="435" type="stmt" count="0"/>
        <line num="436" type="stmt" count="0"/>
        <line num="437" type="stmt" count="0"/>
        <line num="438" type="stmt" count="0"/>
        <line num="439" type="stmt" count="0"/>
        <line num="440" type="stmt" count="0"/>
        <line num="441" type="stmt" count="0"/>
        <line num="442" type="stmt" count="0"/>
        <line num="444" type="stmt" count="0"/>
        <line num="451" type="method" name="getContentCharset" crap="6" count="0"/>
        <line num="453" type="stmt" count="0"/>
        <line num="454" type="stmt" count="0"/>
        <line num="455" type="stmt" count="0"/>
        <line num="458" type="stmt" count="0"/>
        <line num="465" type="method" name="getContentLength" crap="2" count="0"/>
        <line num="467" type="stmt" count="0"/>
        <line num="474" type="method" name="getHost" crap="12" count="0"/>
        <line num="476" type="stmt" count="0"/>
        <line num="477" type="stmt" count="0"/>
        <line num="478" type="stmt" count="0"/>
        <line num="480" type="stmt" count="0"/>
        <line num="483" type="stmt" count="0"/>
        <line num="486" type="stmt" count="0"/>
        <line num="493" type="method" name="getHostWithPort" crap="2" count="0"/>
        <line num="495" type="stmt" count="0"/>
        <line num="502" type="method" name="getPort" crap="2" count="0"/>
        <line num="504" type="stmt" count="0"/>
        <line num="511" type="method" name="getScheme" crap="2" count="0"/>
        <line num="513" type="stmt" count="0"/>
        <line num="520" type="method" name="getScriptName" crap="2" count="0"/>
        <line num="522" type="stmt" count="0"/>
        <line num="529" type="method" name="getRootUri" crap="2" count="0"/>
        <line num="531" type="stmt" count="0"/>
        <line num="538" type="method" name="getPath" crap="2" count="0"/>
        <line num="540" type="stmt" count="0"/>
        <line num="547" type="method" name="getPathInfo" crap="2" count="0"/>
        <line num="549" type="stmt" count="0"/>
        <line num="556" type="method" name="getResourceUri" crap="2" count="0"/>
        <line num="558" type="stmt" count="0"/>
        <line num="565" type="method" name="getUrl" crap="30" count="0"/>
        <line num="567" type="stmt" count="0"/>
        <line num="568" type="stmt" count="0"/>
        <line num="569" type="stmt" count="0"/>
        <line num="570" type="stmt" count="0"/>
        <line num="572" type="stmt" count="0"/>
        <line num="579" type="method" name="getIp" crap="12" count="0"/>
        <line num="581" type="stmt" count="0"/>
        <line num="582" type="stmt" count="0"/>
        <line num="583" type="stmt" count="0"/>
        <line num="584" type="stmt" count="0"/>
        <line num="586" type="stmt" count="0"/>
        <line num="588" type="stmt" count="0"/>
        <line num="595" type="method" name="getReferrer" crap="2" count="0"/>
        <line num="597" type="stmt" count="0"/>
        <line num="604" type="method" name="getReferer" crap="2" count="0"/>
        <line num="606" type="stmt" count="0"/>
        <line num="613" type="method" name="getUserAgent" crap="2" count="0"/>
        <line num="615" type="stmt" count="0"/>
        <metrics loc="617" ncloc="300" classes="1" methods="40" coveredmethods="1" conditionals="0" coveredconditionals="0" statements="116" coveredstatements="4" elements="156" coveredelements="5"/>
      </file>
      <file name="/Users/user/snippets/checkpoints/9jamoji/vendor/slim/slim/Slim/Http/Response.php">
        <class name="Response" namespace="Slim\Http" fullPackage="Slim" package="Slim">
          <metrics methods="33" coveredmethods="2" conditionals="0" coveredconditionals="0" statements="70" coveredstatements="14" elements="103" coveredelements="16"/>
        </class>
        <line num="142" type="method" name="__construct" crap="1" count="10"/>
        <line num="144" type="stmt" count="10"/>
        <line num="145" type="stmt" count="10"/>
        <line num="146" type="stmt" count="10"/>
        <line num="147" type="stmt" count="10"/>
        <line num="148" type="stmt" count="10"/>
        <line num="149" type="stmt" count="10"/>
        <line num="151" type="method" name="getStatus" crap="2" count="0"/>
        <line num="153" type="stmt" count="0"/>
        <line num="156" type="method" name="setStatus" crap="1" count="10"/>
        <line num="158" type="stmt" count="10"/>
        <line num="159" type="stmt" count="10"/>
        <line num="168" type="method" name="status" crap="2.50" count="10"/>
        <line num="170" type="stmt" count="10"/>
        <line num="171" type="stmt" count="0"/>
        <line num="172" type="stmt" count="0"/>
        <line num="174" type="stmt" count="10"/>
        <line num="185" type="method" name="header" crap="6" count="0"/>
        <line num="187" type="stmt" count="0"/>
        <line num="188" type="stmt" count="0"/>
        <line num="189" type="stmt" count="0"/>
        <line num="191" type="stmt" count="0"/>
        <line num="200" type="method" name="headers" crap="2" count="0"/>
        <line num="202" type="stmt" count="0"/>
        <line num="205" type="method" name="getBody" crap="2" count="0"/>
        <line num="207" type="stmt" count="0"/>
        <line num="210" type="method" name="setBody" crap="2" count="0"/>
        <line num="212" type="stmt" count="0"/>
        <line num="213" type="stmt" count="0"/>
        <line num="222" type="method" name="body" crap="6" count="0"/>
        <line num="224" type="stmt" count="0"/>
        <line num="225" type="stmt" count="0"/>
        <line num="226" type="stmt" count="0"/>
        <line num="228" type="stmt" count="0"/>
        <line num="237" type="method" name="write" crap="2.15" count="10"/>
        <line num="239" type="stmt" count="10"/>
        <line num="240" type="stmt" count="0"/>
        <line num="241" type="stmt" count="0"/>
        <line num="242" type="stmt" count="10"/>
        <line num="244" type="stmt" count="10"/>
        <line num="246" type="stmt" count="10"/>
        <line num="249" type="method" name="getLength" crap="2" count="0"/>
        <line num="251" type="stmt" count="0"/>
        <line num="261" type="method" name="length" crap="6" count="0"/>
        <line num="263" type="stmt" count="0"/>
        <line num="264" type="stmt" count="0"/>
        <line num="265" type="stmt" count="0"/>
        <line num="267" type="stmt" count="0"/>
        <line num="279" type="method" name="finalize" crap="6" count="0"/>
        <line num="282" type="stmt" count="0"/>
        <line num="283" type="stmt" count="0"/>
        <line num="284" type="stmt" count="0"/>
        <line num="285" type="stmt" count="0"/>
        <line num="286" type="stmt" count="0"/>
        <line num="288" type="stmt" count="0"/>
        <line num="306" type="method" name="setCookie" crap="2" count="0"/>
        <line num="309" type="stmt" count="0"/>
        <line num="310" type="stmt" count="0"/>
        <line num="332" type="method" name="deleteCookie" crap="2" count="0"/>
        <line num="334" type="stmt" count="0"/>
        <line num="336" type="stmt" count="0"/>
        <line num="347" type="method" name="redirect" crap="2" count="0"/>
        <line num="349" type="stmt" count="0"/>
        <line num="350" type="stmt" count="0"/>
        <line num="351" type="stmt" count="0"/>
        <line num="357" type="method" name="isEmpty" crap="2" count="0"/>
        <line num="359" type="stmt" count="0"/>
        <line num="366" type="method" name="isInformational" crap="6" count="0"/>
        <line num="368" type="stmt" count="0"/>
        <line num="375" type="method" name="isOk" crap="2" count="0"/>
        <line num="377" type="stmt" count="0"/>
        <line num="384" type="method" name="isSuccessful" crap="6" count="0"/>
        <line num="386" type="stmt" count="0"/>
        <line num="393" type="method" name="isRedirect" crap="2" count="0"/>
        <line num="395" type="stmt" count="0"/>
        <line num="402" type="method" name="isRedirection" crap="6" count="0"/>
        <line num="404" type="stmt" count="0"/>
        <line num="411" type="method" name="isForbidden" crap="2" count="0"/>
        <line num="413" type="stmt" count="0"/>
        <line num="420" type="method" name="isNotFound" crap="2" count="0"/>
        <line num="422" type="stmt" count="0"/>
        <line num="429" type="method" name="isClientError" crap="6" count="0"/>
        <line num="431" type="stmt" count="0"/>
        <line num="438" type="method" name="isServerError" crap="6" count="0"/>
        <line num="440" type="stmt" count="0"/>
        <line num="451" type="method" name="offsetExists" crap="2" count="0"/>
        <line num="453" type="stmt" count="0"/>
        <line num="459" type="method" name="offsetGet" crap="2" count="0"/>
        <line num="461" type="stmt" count="0"/>
        <line num="467" type="method" name="offsetSet" crap="2" count="0"/>
        <line num="469" type="stmt" count="0"/>
        <line num="470" type="stmt" count="0"/>
        <line num="475" type="method" name="offsetUnset" crap="2" count="0"/>
        <line num="477" type="stmt" count="0"/>
        <line num="478" type="stmt" count="0"/>
        <line num="486" type="method" name="count" crap="2" count="0"/>
        <line num="488" type="stmt" count="0"/>
        <line num="502" type="method" name="getIterator" crap="2" count="0"/>
        <line num="504" type="stmt" count="0"/>
        <line num="512" type="method" name="getMessageForCode" crap="6" count="0"/>
        <line num="514" type="stmt" count="0"/>
        <line num="515" type="stmt" count="0"/>
        <line num="517" type="stmt" count="0"/>
        <metrics loc="520" ncloc="266" classes="1" methods="33" coveredmethods="2" conditionals="0" coveredconditionals="0" statements="70" coveredstatements="14" elements="103" coveredelements="16"/>
      </file>
      <file name="/Users/user/snippets/checkpoints/9jamoji/vendor/slim/slim/Slim/Http/Util.php">
        <class name="Util" namespace="Slim\Http" fullPackage="Slim" package="Slim">
          <metrics methods="11" coveredmethods="0" conditionals="0" coveredconditionals="0" statements="165" coveredstatements="8" elements="176" coveredelements="8"/>
        </class>
        <line num="58" type="method" name="stripSlashesIfMagicQuotes" crap="12" count="0"/>
        <line num="60" type="stmt" count="0"/>
        <line num="61" type="stmt" count="0"/>
        <line num="62" type="stmt" count="0"/>
        <line num="65" type="stmt" count="0"/>
        <line num="73" type="method" name="stripSlashes" crap="6" count="0"/>
        <line num="75" type="stmt" count="0"/>
        <line num="92" type="method" name="encrypt" crap="30" count="0"/>
        <line num="94" type="stmt" count="0"/>
        <line num="95" type="stmt" count="0"/>
        <line num="100" type="stmt" count="0"/>
        <line num="102" type="stmt" count="0"/>
        <line num="103" type="stmt" count="0"/>
        <line num="106" type="stmt" count="0"/>
        <line num="109" type="stmt" count="0"/>
        <line num="110" type="stmt" count="0"/>
        <line num="111" type="stmt" count="0"/>
        <line num="112" type="stmt" count="0"/>
        <line num="115" type="stmt" count="0"/>
        <line num="116" type="stmt" count="0"/>
        <line num="117" type="stmt" count="0"/>
        <line num="118" type="stmt" count="0"/>
        <line num="121" type="stmt" count="0"/>
        <line num="122" type="stmt" count="0"/>
        <line num="123" type="stmt" count="0"/>
        <line num="125" type="stmt" count="0"/>
        <line num="142" type="method" name="decrypt" crap="30" count="0"/>
        <line num="144" type="stmt" count="0"/>
        <line num="145" type="stmt" count="0"/>
        <line num="150" type="stmt" count="0"/>
        <line num="152" type="stmt" count="0"/>
        <line num="153" type="stmt" count="0"/>
        <line num="156" type="stmt" count="0"/>
        <line num="159" type="stmt" count="0"/>
        <line num="160" type="stmt" count="0"/>
        <line num="161" type="stmt" count="0"/>
        <line num="162" type="stmt" count="0"/>
        <line num="165" type="stmt" count="0"/>
        <line num="166" type="stmt" count="0"/>
        <line num="167" type="stmt" count="0"/>
        <line num="168" type="stmt" count="0"/>
        <line num="171" type="stmt" count="0"/>
        <line num="172" type="stmt" count="0"/>
        <line num="173" type="stmt" count="0"/>
        <line num="174" type="stmt" count="0"/>
        <line num="176" type="stmt" count="0"/>
        <line num="185" type="method" name="serializeCookies" crap="30" count="0"/>
        <line num="187" type="stmt" count="0"/>
        <line num="188" type="stmt" count="0"/>
        <line num="189" type="stmt" count="0"/>
        <line num="190" type="stmt" count="0"/>
        <line num="191" type="stmt" count="0"/>
        <line num="192" type="stmt" count="0"/>
        <line num="195" type="stmt" count="0"/>
        <line num="196" type="stmt" count="0"/>
        <line num="197" type="stmt" count="0"/>
        <line num="198" type="stmt" count="0"/>
        <line num="199" type="stmt" count="0"/>
        <line num="200" type="stmt" count="0"/>
        <line num="201" type="stmt" count="0"/>
        <line num="202" type="stmt" count="0"/>
        <line num="203" type="stmt" count="0"/>
        <line num="204" type="stmt" count="0"/>
        <line num="205" type="stmt" count="0"/>
        <line num="206" type="stmt" count="0"/>
        <line num="207" type="stmt" count="0"/>
        <line num="209" type="stmt" count="0"/>
        <line num="225" type="method" name="encodeSecureCookie" crap="2" count="0"/>
        <line num="227" type="stmt" count="0"/>
        <line num="228" type="stmt" count="0"/>
        <line num="229" type="stmt" count="0"/>
        <line num="230" type="stmt" count="0"/>
        <line num="231" type="stmt" count="0"/>
        <line num="232" type="stmt" count="0"/>
        <line num="233" type="stmt" count="0"/>
        <line num="235" type="stmt" count="0"/>
        <line num="237" type="stmt" count="0"/>
        <line num="238" type="stmt" count="0"/>
        <line num="239" type="stmt" count="0"/>
        <line num="240" type="stmt" count="0"/>
        <line num="242" type="stmt" count="0"/>
        <line num="258" type="method" name="decodeSecureCookie" crap="42" count="0"/>
        <line num="260" type="stmt" count="0"/>
        <line num="261" type="stmt" count="0"/>
        <line num="262" type="stmt" count="0"/>
        <line num="263" type="stmt" count="0"/>
        <line num="264" type="stmt" count="0"/>
        <line num="265" type="stmt" count="0"/>
        <line num="266" type="stmt" count="0"/>
        <line num="267" type="stmt" count="0"/>
        <line num="268" type="stmt" count="0"/>
        <line num="270" type="stmt" count="0"/>
        <line num="272" type="stmt" count="0"/>
        <line num="273" type="stmt" count="0"/>
        <line num="274" type="stmt" count="0"/>
        <line num="275" type="stmt" count="0"/>
        <line num="276" type="stmt" count="0"/>
        <line num="278" type="stmt" count="0"/>
        <line num="279" type="stmt" count="0"/>
        <line num="281" type="stmt" count="0"/>
        <line num="300" type="method" name="setCookieHeader" crap="240" count="0"/>
        <line num="303" type="stmt" count="0"/>
        <line num="304" type="stmt" count="0"/>
        <line num="305" type="stmt" count="0"/>
        <line num="306" type="stmt" count="0"/>
        <line num="307" type="stmt" count="0"/>
        <line num="308" type="stmt" count="0"/>
        <line num="309" type="stmt" count="0"/>
        <line num="310" type="stmt" count="0"/>
        <line num="311" type="stmt" count="0"/>
        <line num="312" type="stmt" count="0"/>
        <line num="313" type="stmt" count="0"/>
        <line num="314" type="stmt" count="0"/>
        <line num="315" type="stmt" count="0"/>
        <line num="316" type="stmt" count="0"/>
        <line num="317" type="stmt" count="0"/>
        <line num="318" type="stmt" count="0"/>
        <line num="319" type="stmt" count="0"/>
        <line num="321" type="stmt" count="0"/>
        <line num="322" type="stmt" count="0"/>
        <line num="323" type="stmt" count="0"/>
        <line num="324" type="stmt" count="0"/>
        <line num="325" type="stmt" count="0"/>
        <line num="326" type="stmt" count="0"/>
        <line num="327" type="stmt" count="0"/>
        <line num="328" type="stmt" count="0"/>
        <line num="329" type="stmt" count="0"/>
        <line num="330" type="stmt" count="0"/>
        <line num="331" type="stmt" count="0"/>
        <line num="332" type="stmt" count="0"/>
        <line num="333" type="stmt" count="0"/>
        <line num="337" type="stmt" count="0"/>
        <line num="338" type="stmt" count="0"/>
        <line num="339" type="stmt" count="0"/>
        <line num="340" type="stmt" count="0"/>
        <line num="342" type="stmt" count="0"/>
        <line num="361" type="method" name="deleteCookieHeader" crap="56" count="0"/>
        <line num="364" type="stmt" count="0"/>
        <line num="365" type="stmt" count="0"/>
        <line num="366" type="stmt" count="0"/>
        <line num="367" type="stmt" count="0"/>
        <line num="368" type="stmt" count="0"/>
        <line num="369" type="stmt" count="0"/>
        <line num="370" type="stmt" count="0"/>
        <line num="371" type="stmt" count="0"/>
        <line num="372" type="stmt" count="0"/>
        <line num="373" type="stmt" count="0"/>
        <line num="375" type="stmt" count="0"/>
        <line num="376" type="stmt" count="0"/>
        <line num="377" type="stmt" count="0"/>
        <line num="378" type="stmt" count="0"/>
        <line num="379" type="stmt" count="0"/>
        <line num="380" type="stmt" count="0"/>
        <line num="381" type="stmt" count="0"/>
        <line num="382" type="stmt" count="0"/>
        <line num="386" type="stmt" count="0"/>
        <line num="387" type="stmt" count="0"/>
        <line num="398" type="method" name="parseCookieHeader" crap="5.26" count="10"/>
        <line num="400" type="stmt" count="10"/>
        <line num="401" type="stmt" count="10"/>
        <line num="402" type="stmt" count="10"/>
        <line num="403" type="stmt" count="10"/>
        <line num="404" type="stmt" count="10"/>
        <line num="405" type="stmt" count="10"/>
        <line num="406" type="stmt" count="0"/>
        <line num="407" type="stmt" count="0"/>
        <line num="408" type="stmt" count="0"/>
        <line num="409" type="stmt" count="0"/>
        <line num="410" type="stmt" count="0"/>
        <line num="411" type="stmt" count="0"/>
        <line num="412" type="stmt" count="10"/>
        <line num="414" type="stmt" count="10"/>
        <line num="427" type="method" name="getIv" crap="2" count="0"/>
        <line num="429" type="stmt" count="0"/>
        <line num="430" type="stmt" count="0"/>
        <line num="432" type="stmt" count="0"/>
        <metrics loc="434" ncloc="236" classes="1" methods="11" coveredmethods="0" conditionals="0" coveredconditionals="0" statements="165" coveredstatements="8" elements="176" coveredelements="8"/>
      </file>
    </package>
    <package name="Slim\Middleware">
      <file name="/Users/user/snippets/checkpoints/9jamoji/vendor/slim/slim/Slim/Middleware/Flash.php">
        <class name="Flash" namespace="Slim\Middleware" fullPackage="Slim" package="Slim">
          <metrics methods="14" coveredmethods="1" conditionals="0" coveredconditionals="0" statements="39" coveredstatements="7" elements="53" coveredelements="8"/>
        </class>
        <line num="64" type="method" name="__construct" crap="1" count="10"/>
        <line num="66" type="stmt" count="10"/>
        <line num="67" type="stmt" count="10"/>
        <line num="68" type="stmt" count="10"/>
        <line num="69" type="stmt" count="10"/>
        <line num="70" type="stmt" count="10"/>
        <line num="71" type="stmt" count="10"/>
        <line num="72" type="stmt" count="10"/>
        <line num="77" type="method" name="call" crap="2" count="0"/>
        <line num="80" type="stmt" count="0"/>
        <line num="83" type="stmt" count="0"/>
        <line num="84" type="stmt" count="0"/>
        <line num="85" type="stmt" count="0"/>
        <line num="86" type="stmt" count="0"/>
        <line num="87" type="stmt" count="0"/>
        <line num="97" type="method" name="now" crap="2" count="0"/>
        <line num="99" type="stmt" count="0"/>
        <line num="100" type="stmt" count="0"/>
        <line num="110" type="method" name="set" crap="2" count="0"/>
        <line num="112" type="stmt" count="0"/>
        <line num="113" type="stmt" count="0"/>
        <line num="120" type="method" name="keep" crap="6" count="0"/>
        <line num="122" type="stmt" count="0"/>
        <line num="123" type="stmt" count="0"/>
        <line num="124" type="stmt" count="0"/>
        <line num="125" type="stmt" count="0"/>
        <line num="130" type="method" name="save" crap="2" count="0"/>
        <line num="132" type="stmt" count="0"/>
        <line num="133" type="stmt" count="0"/>
        <line num="138" type="method" name="loadMessages" crap="6" count="0"/>
        <line num="140" type="stmt" count="0"/>
        <line num="141" type="stmt" count="0"/>
        <line num="142" type="stmt" count="0"/>
        <line num="143" type="stmt" count="0"/>
        <line num="150" type="method" name="getMessages" crap="2" count="0"/>
        <line num="152" type="stmt" count="0"/>
        <line num="158" type="method" name="offsetExists" crap="2" count="0"/>
        <line num="160" type="stmt" count="0"/>
        <line num="162" type="stmt" count="0"/>
        <line num="168" type="method" name="offsetGet" crap="6" count="0"/>
        <line num="170" type="stmt" count="0"/>
        <line num="172" type="stmt" count="0"/>
        <line num="178" type="method" name="offsetSet" crap="2" count="0"/>
        <line num="180" type="stmt" count="0"/>
        <line num="181" type="stmt" count="0"/>
        <line num="186" type="method" name="offsetUnset" crap="2" count="0"/>
        <line num="188" type="stmt" count="0"/>
        <line num="189" type="stmt" count="0"/>
        <line num="195" type="method" name="getIterator" crap="2" count="0"/>
        <line num="197" type="stmt" count="0"/>
        <line num="199" type="stmt" count="0"/>
        <line num="205" type="method" name="count" crap="2" count="0"/>
        <line num="207" type="stmt" count="0"/>
        <metrics loc="212" ncloc="94" classes="1" methods="14" coveredmethods="1" conditionals="0" coveredconditionals="0" statements="39" coveredstatements="7" elements="53" coveredelements="8"/>
      </file>
      <file name="/Users/user/snippets/checkpoints/9jamoji/vendor/slim/slim/Slim/Middleware/MethodOverride.php">
        <class name="MethodOverride" namespace="Slim\Middleware" fullPackage="Slim" package="Slim">
          <metrics methods="2" coveredmethods="1" conditionals="0" coveredconditionals="0" statements="16" coveredstatements="2" elements="18" coveredelements="3"/>
        </class>
        <line num="60" type="method" name="__construct" crap="1" count="10"/>
        <line num="62" type="stmt" count="10"/>
        <line num="63" type="stmt" count="10"/>
        <line num="76" type="method" name="call" crap="30" count="0"/>
        <line num="78" type="stmt" count="0"/>
        <line num="79" type="stmt" count="0"/>
        <line num="81" type="stmt" count="0"/>
        <line num="82" type="stmt" count="0"/>
        <line num="83" type="stmt" count="0"/>
        <line num="85" type="stmt" count="0"/>
        <line num="86" type="stmt" count="0"/>
        <line num="87" type="stmt" count="0"/>
        <line num="88" type="stmt" count="0"/>
        <line num="89" type="stmt" count="0"/>
        <line num="90" type="stmt" count="0"/>
        <line num="91" type="stmt" count="0"/>
        <line num="92" type="stmt" count="0"/>
        <line num="93" type="stmt" count="0"/>
        <metrics loc="94" ncloc="27" classes="1" methods="2" coveredmethods="1" conditionals="0" coveredconditionals="0" statements="16" coveredstatements="2" elements="18" coveredelements="3"/>
      </file>
    </package>
    <metrics files="14" loc="5251" ncloc="2586" classes="12" methods="227" coveredmethods="24" conditionals="0" coveredconditionals="0" statements="1093" coveredstatements="151" elements="1320" coveredelements="175"/>
  </project>
</coverage>
