<?xml version="1.0" encoding="UTF-8"?>
<testsuites>
  <testsuite name="MyTest" file="/Users/user/snippets/checkpoints/9jamoji/tests/MyTest.php" tests="1" assertions="0" failures="0" errors="1" time="15.553362">
    <testcase name="testCreateEmoji" class="MyTest" file="/Users/user/snippets/checkpoints/9jamoji/tests/MyTest.php" line="37" assertions="0" time="15.553362">
      <error type="PHPUnit_Framework_ExceptionWrapper">MyTest::testCreateEmoji
GuzzleHttp\Exception\ServerException: Server error: `POST https://api-9jamoji.herokuapp.com/emojis` resulted in a `503 Service Unavailable` response:
{"status":400,"message":"Login to get a token!"}


/Users/user/snippets/checkpoints/9jamoji/vendor/guzzlehttp/guzzle/src/Exception/RequestException.php:107
/Users/user/snippets/checkpoints/9jamoji/vendor/guzzlehttp/guzzle/src/Middleware.php:65
/Users/user/snippets/checkpoints/9jamoji/vendor/guzzlehttp/promises/src/Promise.php:199
/Users/user/snippets/checkpoints/9jamoji/vendor/guzzlehttp/promises/src/Promise.php:152
/Users/user/snippets/checkpoints/9jamoji/vendor/guzzlehttp/promises/src/TaskQueue.php:60
/Users/user/snippets/checkpoints/9jamoji/vendor/guzzlehttp/promises/src/Promise.php:240
/Users/user/snippets/checkpoints/9jamoji/vendor/guzzlehttp/promises/src/Promise.php:217
/Users/user/snippets/checkpoints/9jamoji/vendor/guzzlehttp/promises/src/Promise.php:261
/Users/user/snippets/checkpoints/9jamoji/vendor/guzzlehttp/promises/src/Promise.php:219
/Users/user/snippets/checkpoints/9jamoji/vendor/guzzlehttp/promises/src/Promise.php:62
/Users/user/snippets/checkpoints/9jamoji/vendor/guzzlehttp/guzzle/src/Client.php:129
/Users/user/snippets/checkpoints/9jamoji/tests/MyTest.php:42
</error>
    </testcase>
  </testsuite>
</testsuites>
