<?xml version="1.0" encoding="UTF-8"?>
<testsuites>
  <testsuite name="Sirolad\Test\RouteTests" file="/Users/user/snippets/checkpoints/9jamoji/tests/RouteTest.php" tests="9" assertions="9" failures="0" errors="0" time="9.356927">
    <testcase name="testIndex" class="Sirolad\Test\RouteTests" file="/Users/user/snippets/checkpoints/9jamoji/tests/RouteTest.php" line="35" assertions="1" time="1.886608"/>
    <testcase name="testGetAll" class="Sirolad\Test\RouteTests" file="/Users/user/snippets/checkpoints/9jamoji/tests/RouteTest.php" line="45" assertions="1" time="0.999324"/>
    <testcase name="testLogout" class="Sirolad\Test\RouteTests" file="/Users/user/snippets/checkpoints/9jamoji/tests/RouteTest.php" line="55" assertions="1" time="1.244120"/>
    <testcase name="testLoginWithoutAuth" class="Sirolad\Test\RouteTests" file="/Users/user/snippets/checkpoints/9jamoji/tests/RouteTest.php" line="70" assertions="1" time="0.965768"/>
    <testcase name="testCreateEmojiWithoutAuth" class="Sirolad\Test\RouteTests" file="/Users/user/snippets/checkpoints/9jamoji/tests/RouteTest.php" line="85" assertions="1" time="0.930123"/>
    <testcase name="testPutEmojiWithoutAuth" class="Sirolad\Test\RouteTests" file="/Users/user/snippets/checkpoints/9jamoji/tests/RouteTest.php" line="100" assertions="1" time="0.836772"/>
    <testcase name="testPatchEmojiWithoutAuth" class="Sirolad\Test\RouteTests" file="/Users/user/snippets/checkpoints/9jamoji/tests/RouteTest.php" line="115" assertions="1" time="0.785295"/>
    <testcase name="testDeleteEmojiWithoutAuth" class="Sirolad\Test\RouteTests" file="/Users/user/snippets/checkpoints/9jamoji/tests/RouteTest.php" line="130" assertions="1" time="0.856159"/>
    <testcase name="testRegister" class="Sirolad\Test\RouteTests" file="/Users/user/snippets/checkpoints/9jamoji/tests/RouteTest.php" line="145" assertions="1" time="0.852757"/>
  </testsuite>
</testsuites>
